[2023-02-02 08:44:55.262] [exthost] [info] Extension host with pid 16626 started
[2023-02-02 08:44:55.343] [exthost] [info] ExtensionService#_doActivateExtension vscode.microsoft-authentication, startup: false, activationEvent: 'onAuthenticationRequest:microsoft'
[2023-02-02 08:44:55.408] [exthost] [info] ExtensionService#_doActivateExtension vscode.debug-auto-launch, startup: true, activationEvent: '*'
[2023-02-02 08:44:55.413] [exthost] [info] ExtensionService#_doActivateExtension vscode.git-base, startup: true, activationEvent: '*', root cause: vscode.git
[2023-02-02 08:44:55.417] [exthost] [info] ExtensionService#_doActivateExtension vscode.ipynb, startup: true, activationEvent: '*'
[2023-02-02 08:44:55.437] [exthost] [info] ExtensionService#_doActivateExtension apility.beautify-blade, startup: true, activationEvent: '*'
[2023-02-02 08:44:55.472] [exthost] [info] ExtensionService#_doActivateExtension redhat.vscode-yaml, startup: true, activationEvent: '*', root cause: atlassian.atlascode
[2023-02-02 08:44:55.625] [exthost] [info] ExtensionService#_doActivateExtension vscode.git, startup: true, activationEvent: '*'
[2023-02-02 08:44:55.714] [exthost] [info] ExtensionService#_doActivateExtension vscode.github, startup: true, activationEvent: '*'
[2023-02-02 08:44:55.903] [exthost] [info] ExtensionService#_doActivateExtension atlassian.atlascode, startup: true, activationEvent: '*'
[2023-02-02 08:44:56.195] [exthost] [info] ExtensionService#_doActivateExtension vscode.github-authentication, startup: false, activationEvent: 'onAuthenticationRequest:github'
[2023-02-02 08:44:56.282] [exthost] [info] Eager extensions activated
[2023-02-02 08:44:56.291] [exthost] [warning] [redhat.vscode-yaml] Accessing a resource scoped configuration without providing a resource is not expected. To get the effective value for '[yaml]', provide the URI of a resource or 'null' for any resource.
[2023-02-02 08:44:56.294] [exthost] [warning] [redhat.vscode-yaml] Accessing a resource scoped configuration without providing a resource is not expected. To get the effective value for '[yaml]', provide the URI of a resource or 'null' for any resource.
[2023-02-02 08:44:56.363] [exthost] [info] ExtensionService#_doActivateExtension vscode.emmet, startup: false, activationEvent: 'onStartupFinished'
[2023-02-02 08:44:56.387] [exthost] [info] ExtensionService#_doActivateExtension vscode.merge-conflict, startup: false, activationEvent: 'onStartupFinished'
[2023-02-02 08:44:56.392] [exthost] [info] ExtensionService#_doActivateExtension bradlc.vscode-tailwindcss, startup: false, activationEvent: 'onStartupFinished'
[2023-02-02 08:44:56.451] [exthost] [info] ExtensionService#_doActivateExtension ms-vscode-remote.remote-containers, startup: false, activationEvent: 'onStartupFinished'
[2023-02-02 08:44:56.546] [exthost] [info] ExtensionService#_doActivateExtension ritwickdey.LiveServer, startup: false, activationEvent: 'onStartupFinished'
[2023-02-02 08:44:56.554] [exthost] [info] ExtensionService#_doActivateExtension shardulm94.trailing-spaces, startup: false, activationEvent: 'onStartupFinished'
[2023-02-02 08:44:56.649] [exthost] [info] ExtensionService#_doActivateExtension vscode.configuration-editing, startup: false, activationEvent: 'onLanguage:jsonc'
[2023-02-02 08:44:56.656] [exthost] [info] ExtensionService#_doActivateExtension vscode.json-language-features, startup: false, activationEvent: 'onLanguage:jsonc'
[2023-02-02 08:44:56.752] [exthost] [info] ExtensionService#_doActivateExtension vscode.typescript-language-features, startup: false, activationEvent: 'onLanguage:jsonc'
[2023-02-02 08:44:56.840] [exthost] [warning] [redhat.vscode-yaml] Accessing a resource scoped configuration without providing a resource is not expected. To get the effective value for '[yaml]', provide the URI of a resource or 'null' for any resource.
[2023-02-02 08:45:59.948] [exthost] [info] Extension host terminating: received terminate message from renderer
[2023-02-02 08:45:59.966] [exthost] [error] An error occurred when deactivating the subscriptions for extension 'atlassian.atlascode':
[2023-02-02 08:45:59.968] [exthost] [error] RangeError: Maximum call stack size exceeded
	at Me (/usr/share/code/resources/app/out/vs/workbench/api/node/extensionHostProcess.js:97:6871)
	at Tp.dispose (/usr/share/code/resources/app/out/vs/workbench/api/node/extensionHostProcess.js:78:87057)
	at Tp.<anonymous> (/home/yuuki_okubo/.vscode/extensions/atlassian.atlascode-3.0.1/build/extension/extension.js:1:4039921)
	at Tp.dispose (/usr/share/code/resources/app/out/vs/workbench/api/node/extensionHostProcess.js:78:87101)
	at Tp.<anonymous> (/home/yuuki_okubo/.vscode/extensions/atlassian.atlascode-3.0.1/build/extension/extension.js:1:4039921)
	at Tp.dispose (/usr/share/code/resources/app/out/vs/workbench/api/node/extensionHostProcess.js:78:87101)
	at Tp.<anonymous> (/home/yuuki_okubo/.vscode/extensions/atlassian.atlascode-3.0.1/build/extension/extension.js:1:4039921)
	at Tp.dispose (/usr/share/code/resources/app/out/vs/workbench/api/node/extensionHostProcess.js:78:87101)
	at Tp.<anonymous> (/home/yuuki_okubo/.vscode/extensions/atlassian.atlascode-3.0.1/build/extension/extension.js:1:4039921)
	at Tp.dispose (/usr/share/code/resources/app/out/vs/workbench/api/node/extensionHostProcess.js:78:87101)
	at Tp.<anonymous> (/home/yuuki_okubo/.vscode/extensions/atlassian.atlascode-3.0.1/build/extension/extension.js:1:4039921)
	at Tp.dispose (/usr/share/code/resources/app/out/vs/workbench/api/node/extensionHostProcess.js:78:87101)
	at Tp.<anonymous> (/home/yuuki_okubo/.vscode/extensions/atlassian.atlascode-3.0.1/build/extension/extension.js:1:4039921)
	at Tp.dispose (/usr/share/code/resources/app/out/vs/workbench/api/node/extensionHostProcess.js:78:87101)
	at Tp.<anonymous> (/home/yuuki_okubo/.vscode/extensions/atlassian.atlascode-3.0.1/build/extension/extension.js:1:4039921)
	at Tp.dispose (/usr/share/code/resources/app/out/vs/workbench/api/node/extensionHostProcess.js:78:87101)
	at Tp.<anonymous> (/home/yuuki_okubo/.vscode/extensions/atlassian.atlascode-3.0.1/build/extension/extension.js:1:4039921)
	at Tp.dispose (/usr/share/code/resources/app/out/vs/workbench/api/node/extensionHostProcess.js:78:87101)
	at Tp.<anonymous> (/home/yuuki_okubo/.vscode/extensions/atlassian.atlascode-3.0.1/build/extension/extension.js:1:4039921)
	at Tp.dispose (/usr/share/code/resources/app/out/vs/workbench/api/node/extensionHostProcess.js:78:87101)
	at Tp.<anonymous> (/home/yuuki_okubo/.vscode/extensions/atlassian.atlascode-3.0.1/build/extension/extension.js:1:4039921)
	at Tp.dispose (/usr/share/code/resources/app/out/vs/workbench/api/node/extensionHostProcess.js:78:87101)
	at Tp.<anonymous> (/home/yuuki_okubo/.vscode/extensions/atlassian.atlascode-3.0.1/build/extension/extension.js:1:4039921)
	at Tp.dispose (/usr/share/code/resources/app/out/vs/workbench/api/node/extensionHostProcess.js:78:87101)
	at Tp.<anonymous> (/home/yuuki_okubo/.vscode/extensions/atlassian.atlascode-3.0.1/build/extension/extension.js:1:4039921)
	at Tp.dispose (/usr/share/code/resources/app/out/vs/workbench/api/node/extensionHostProcess.js:78:87101)
	at Tp.<anonymous> (/home/yuuki_okubo/.vscode/extensions/atlassian.atlascode-3.0.1/build/extension/extension.js:1:4039921)
	at Tp.dispose (/usr/share/code/resources/app/out/vs/workbench/api/node/extensionHostProcess.js:78:87101)
	at Tp.<anonymous> (/home/yuuki_okubo/.vscode/extensions/atlassian.atlascode-3.0.1/build/extension/extension.js:1:4039921)
	at Tp.dispose (/usr/share/code/resources/app/out/vs/workbench/api/node/extensionHostProcess.js:78:87101)
	at Tp.<anonymous> (/home/yuuki_okubo/.vscode/extensions/atlassian.atlascode-3.0.1/build/extension/extension.js:1:4039921)
	at Tp.dispose (/usr/share/code/resources/app/out/vs/workbench/api/node/extensionHostProcess.js:78:87101)
	at Tp.<anonymous> (/home/yuuki_okubo/.vscode/extensions/atlassian.atlascode-3.0.1/build/extension/extension.js:1:4039921)
	at Tp.dispose (/usr/share/code/resources/app/out/vs/workbench/api/node/extensionHostProcess.js:78:87101)
	at Tp.<anonymous> (/home/yuuki_okubo/.vscode/extensions/atlassian.atlascode-3.0.1/build/extension/extension.js:1:4039921)
	at Tp.dispose (/usr/share/code/resources/app/out/vs/workbench/api/node/extensionHostProcess.js:78:87101)
	at Tp.<anonymous> (/home/yuuki_okubo/.vscode/extensions/atlassian.atlascode-3.0.1/build/extension/extension.js:1:4039921)
	at Tp.dispose (/usr/share/code/resources/app/out/vs/workbench/api/node/extensionHostProcess.js:78:87101)
	at Tp.<anonymous> (/home/yuuki_okubo/.vscode/extensions/atlassian.atlascode-3.0.1/build/extension/extension.js:1:4039921)
	at Tp.dispose (/usr/share/code/resources/app/out/vs/workbench/api/node/extensionHostProcess.js:78:87101)
	at Tp.<anonymous> (/home/yuuki_okubo/.vscode/extensions/atlassian.atlascode-3.0.1/build/extension/extension.js:1:4039921)
	at Tp.dispose (/usr/share/code/resources/app/out/vs/workbench/api/node/extensionHostProcess.js:78:87101)
	at Tp.<anonymous> (/home/yuuki_okubo/.vscode/extensions/atlassian.atlascode-3.0.1/build/extension/extension.js:1:4039921)
	at Tp.dispose (/usr/share/code/resources/app/out/vs/workbench/api/node/extensionHostProcess.js:78:87101)
	at Tp.<anonymous> (/home/yuuki_okubo/.vscode/extensions/atlassian.atlascode-3.0.1/build/extension/extension.js:1:4039921)
	at Tp.dispose (/usr/share/code/resources/app/out/vs/workbench/api/node/extensionHostProcess.js:78:87101)
	at Tp.<anonymous> (/home/yuuki_okubo/.vscode/extensions/atlassian.atlascode-3.0.1/build/extension/extension.js:1:4039921)
	at Tp.dispose (/usr/share/code/resources/app/out/vs/workbench/api/node/extensionHostProcess.js:78:87101)
	at Tp.<anonymous> (/home/yuuki_okubo/.vscode/extensions/atlassian.atlascode-3.0.1/build/extension/extension.js:1:4039921)
	at Tp.dispose (/usr/share/code/resources/app/out/vs/workbench/api/node/extensionHostProcess.js:78:87101)
	at Tp.<anonymous> (/home/yuuki_okubo/.vscode/extensions/atlassian.atlascode-3.0.1/build/extension/extension.js:1:4039921)
	at Tp.dispose (/usr/share/code/resources/app/out/vs/workbench/api/node/extensionHostProcess.js:78:87101)
	at Tp.<anonymous> (/home/yuuki_okubo/.vscode/extensions/atlassian.atlascode-3.0.1/build/extension/extension.js:1:4039921)
	at Tp.dispose (/usr/share/code/resources/app/out/vs/workbench/api/node/extensionHostProcess.js:78:87101)
	at Tp.<anonymous> (/home/yuuki_okubo/.vscode/extensions/atlassian.atlascode-3.0.1/build/extension/extension.js:1:4039921)
	at Tp.dispose (/usr/share/code/resources/app/out/vs/workbench/api/node/extensionHostProcess.js:78:87101)
	at Tp.<anonymous> (/home/yuuki_okubo/.vscode/extensions/atlassian.atlascode-3.0.1/build/extension/extension.js:1:4039921)
	at Tp.dispose (/usr/share/code/resources/app/out/vs/workbench/api/node/extensionHostProcess.js:78:87101)
	at Tp.<anonymous> (/home/yuuki_okubo/.vscode/extensions/atlassian.atlascode-3.0.1/build/extension/extension.js:1:4039921)
	at Tp.dispose (/usr/share/code/resources/app/out/vs/workbench/api/node/extensionHostProcess.js:78:87101)
	at Tp.<anonymous> (/home/yuuki_okubo/.vscode/extensions/atlassian.atlascode-3.0.1/build/extension/extension.js:1:4039921)
	at Tp.dispose (/usr/share/code/resources/app/out/vs/workbench/api/node/extensionHostProcess.js:78:87101)
	at Tp.<anonymous> (/home/yuuki_okubo/.vscode/extensions/atlassian.atlascode-3.0.1/build/extension/extension.js:1:4039921)
	at Tp.dispose (/usr/share/code/resources/app/out/vs/workbench/api/node/extensionHostProcess.js:78:87101)
	at Tp.<anonymous> (/home/yuuki_okubo/.vscode/extensions/atlassian.atlascode-3.0.1/build/extension/extension.js:1:4039921)
	at Tp.dispose (/usr/share/code/resources/app/out/vs/workbench/api/node/extensionHostProcess.js:78:87101)
	at Tp.<anonymous> (/home/yuuki_okubo/.vscode/extensions/atlassian.atlascode-3.0.1/build/extension/extension.js:1:4039921)
	at Tp.dispose (/usr/share/code/resources/app/out/vs/workbench/api/node/extensionHostProcess.js:78:87101)
	at Tp.<anonymous> (/home/yuuki_okubo/.vscode/extensions/atlassian.atlascode-3.0.1/build/extension/extension.js:1:4039921)
	at Tp.dispose (/usr/share/code/resources/app/out/vs/workbench/api/node/extensionHostProcess.js:78:87101)
	at Tp.<anonymous> (/home/yuuki_okubo/.vscode/extensions/atlassian.atlascode-3.0.1/build/extension/extension.js:1:4039921)
	at Tp.dispose (/usr/share/code/resources/app/out/vs/workbench/api/node/extensionHostProcess.js:78:87101)
	at Tp.<anonymous> (/home/yuuki_okubo/.vscode/extensions/atlassian.atlascode-3.0.1/build/extension/extension.js:1:4039921)
	at Tp.dispose (/usr/share/code/resources/app/out/vs/workbench/api/node/extensionHostProcess.js:78:87101)
	at Tp.<anonymous> (/home/yuuki_okubo/.vscode/extensions/atlassian.atlascode-3.0.1/build/extension/extension.js:1:4039921)
	at Tp.dispose (/usr/share/code/resources/app/out/vs/workbench/api/node/extensionHostProcess.js:78:87101)
	at Tp.<anonymous> (/home/yuuki_okubo/.vscode/extensions/atlassian.atlascode-3.0.1/build/extension/extension.js:1:4039921)
	at Tp.dispose (/usr/share/code/resources/app/out/vs/workbench/api/node/extensionHostProcess.js:78:87101)
	at Tp.<anonymous> (/home/yuuki_okubo/.vscode/extensions/atlassian.atlascode-3.0.1/build/extension/extension.js:1:4039921)
	at Tp.dispose (/usr/share/code/resources/app/out/vs/workbench/api/node/extensionHostProcess.js:78:87101)
	at Tp.<anonymous> (/home/yuuki_okubo/.vscode/extensions/atlassian.atlascode-3.0.1/build/extension/extension.js:1:4039921)
	at Tp.dispose (/usr/share/code/resources/app/out/vs/workbench/api/node/extensionHostProcess.js:78:87101)
	at Tp.<anonymous> (/home/yuuki_okubo/.vscode/extensions/atlassian.atlascode-3.0.1/build/extension/extension.js:1:4039921)
	at Tp.dispose (/usr/share/code/resources/app/out/vs/workbench/api/node/extensionHostProcess.js:78:87101)
	at Tp.<anonymous> (/home/yuuki_okubo/.vscode/extensions/atlassian.atlascode-3.0.1/build/extension/extension.js:1:4039921)
	at Tp.dispose (/usr/share/code/resources/app/out/vs/workbench/api/node/extensionHostProcess.js:78:87101)
	at Tp.<anonymous> (/home/yuuki_okubo/.vscode/extensions/atlassian.atlascode-3.0.1/build/extension/extension.js:1:4039921)
	at Tp.dispose (/usr/share/code/resources/app/out/vs/workbench/api/node/extensionHostProcess.js:78:87101)
	at Tp.<anonymous> (/home/yuuki_okubo/.vscode/extensions/atlassian.atlascode-3.0.1/build/extension/extension.js:1:4039921)
	at Tp.dispose (/usr/share/code/resources/app/out/vs/workbench/api/node/extensionHostProcess.js:78:87101)
	at Tp.<anonymous> (/home/yuuki_okubo/.vscode/extensions/atlassian.atlascode-3.0.1/build/extension/extension.js:1:4039921)
	at Tp.dispose (/usr/share/code/resources/app/out/vs/workbench/api/node/extensionHostProcess.js:78:87101)
	at Tp.<anonymous> (/home/yuuki_okubo/.vscode/extensions/atlassian.atlascode-3.0.1/build/extension/extension.js:1:4039921)
	at Tp.dispose (/usr/share/code/resources/app/out/vs/workbench/api/node/extensionHostProcess.js:78:87101)
	at Tp.<anonymous> (/home/yuuki_okubo/.vscode/extensions/atlassian.atlascode-3.0.1/build/extension/extension.js:1:4039921)
	at Tp.dispose (/usr/share/code/resources/app/out/vs/workbench/api/node/extensionHostProcess.js:78:87101)
	at Tp.<anonymous> (/home/yuuki_okubo/.vscode/extensions/atlassian.atlascode-3.0.1/build/extension/extension.js:1:4039921)
	at Tp.dispose (/usr/share/code/resources/app/out/vs/workbench/api/node/extensionHostProcess.js:78:87101)
	at Tp.<anonymous> (/home/yuuki_okubo/.vscode/extensions/atlassian.atlascode-3.0.1/build/extension/extension.js:1:4039921)
	at Tp.dispose (/usr/share/code/resources/app/out/vs/workbench/api/node/extensionHostProcess.js:78:87101)
[2023-02-02 08:45:59.993] [exthost] [info] Extension host with pid 16626 exiting with code 0
[2023-02-02 08:46:01.966] [exthost] [info] Extension host with pid 16779 started
[2023-02-02 08:46:01.969] [exthost] [info] Skipping acquiring lock for /home/yuuki_okubo/laravel8-docker/~/.vscode-root/User/workspaceStorage/2bf4828399ce3b38f35590e9380f5f39.
[2023-02-02 08:46:02.079] [exthost] [info] ExtensionService#_doActivateExtension vscode.microsoft-authentication, startup: false, activationEvent: 'onAuthenticationRequest:microsoft'
[2023-02-02 08:46:02.096] [exthost] [info] ExtensionService#_doActivateExtension vscode.debug-auto-launch, startup: true, activationEvent: '*'
[2023-02-02 08:46:02.098] [exthost] [info] ExtensionService#_doActivateExtension vscode.git-base, startup: true, activationEvent: '*'
[2023-02-02 08:46:02.100] [exthost] [info] ExtensionService#_doActivateExtension vscode.ipynb, startup: true, activationEvent: '*'
[2023-02-02 08:46:02.102] [exthost] [info] ExtensionService#_doActivateExtension vscode.npm, startup: true, activationEvent: 'workspaceContains:package.json'
[2023-02-02 08:46:02.242] [exthost] [info] ExtensionService#_doActivateExtension vscode.github, startup: true, activationEvent: '*'
[2023-02-02 08:46:02.264] [exthost] [info] ExtensionService#_doActivateExtension vscode.github-authentication, startup: false, activationEvent: 'onAuthenticationRequest:github'
[2023-02-02 08:46:02.303] [exthost] [info] Eager extensions activated
[2023-02-02 08:46:02.317] [exthost] [info] ExtensionService#_doActivateExtension vscode.emmet, startup: false, activationEvent: 'onStartupFinished'
[2023-02-02 08:46:02.322] [exthost] [info] ExtensionService#_doActivateExtension vscode.merge-conflict, startup: false, activationEvent: 'onStartupFinished'
[2023-02-02 08:46:02.325] [exthost] [info] ExtensionService#_doActivateExtension ms-vscode-remote.remote-containers, startup: false, activationEvent: 'onStartupFinished'
[2023-02-02 08:46:05.572] [exthost] [info] ExtensionService#_doActivateExtension vscode.git, startup: false, activationEvent: 'api', root cause: vscode.github
[2023-02-02 08:46:05.591] [exthost] [info] ExtensionService#_doActivateExtension apility.beautify-blade, startup: false, activationEvent: '*'
[2023-02-02 08:46:05.614] [exthost] [info] ExtensionService#_doActivateExtension redhat.vscode-yaml, startup: false, activationEvent: '*', root cause: atlassian.atlascode
[2023-02-02 08:46:05.644] [exthost] [info] ExtensionService#_doActivateExtension bradlc.vscode-tailwindcss, startup: false, activationEvent: 'onStartupFinished'
[2023-02-02 08:46:05.655] [exthost] [info] ExtensionService#_doActivateExtension ritwickdey.LiveServer, startup: false, activationEvent: 'onStartupFinished'
[2023-02-02 08:46:05.659] [exthost] [info] ExtensionService#_doActivateExtension shardulm94.trailing-spaces, startup: false, activationEvent: 'onStartupFinished'
[2023-02-02 08:46:05.860] [exthost] [info] ExtensionService#_doActivateExtension atlassian.atlascode, startup: false, activationEvent: '*'
[2023-02-02 08:46:06.059] [exthost] [info] ExtensionService#_doActivateExtension vscode.configuration-editing, startup: false, activationEvent: 'onLanguage:jsonc'
[2023-02-02 08:46:06.061] [exthost] [info] ExtensionService#_doActivateExtension vscode.json-language-features, startup: false, activationEvent: 'onLanguage:jsonc'
[2023-02-02 08:46:06.076] [exthost] [info] ExtensionService#_doActivateExtension vscode.typescript-language-features, startup: false, activationEvent: 'onLanguage:jsonc'
[2023-02-02 08:46:06.233] [exthost] [warning] [redhat.vscode-yaml] Accessing a resource scoped configuration without providing a resource is not expected. To get the effective value for '[yaml]', provide the URI of a resource or 'null' for any resource.
[2023-02-02 08:46:06.236] [exthost] [warning] [redhat.vscode-yaml] Accessing a resource scoped configuration without providing a resource is not expected. To get the effective value for '[yaml]', provide the URI of a resource or 'null' for any resource.
[2023-02-02 08:46:09.150] [exthost] [warning] [redhat.vscode-yaml] Accessing a resource scoped configuration without providing a resource is not expected. To get the effective value for '[yaml]', provide the URI of a resource or 'null' for any resource.
[2023-02-02 08:46:09.997] [exthost] [info] ExtensionService#_doActivateExtension vscode.php-language-features, startup: false, activationEvent: 'onLanguage:php'
[2023-02-02 08:46:10.018] [exthost] [info] ExtensionService#_doActivateExtension bmewburn.vscode-intelephense-client, startup: false, activationEvent: 'onLanguage:php'
[2023-02-02 08:46:42.223] [exthost] [info] Extension host terminating: received terminate message from renderer
[2023-02-02 08:46:42.244] [exthost] [error] An error occurred when deactivating the subscriptions for extension 'atlassian.atlascode':
[2023-02-02 08:46:42.245] [exthost] [error] RangeError: Maximum call stack size exceeded
	at Me (/usr/share/code/resources/app/out/vs/workbench/api/node/extensionHostProcess.js:97:6871)
	at Tp.dispose (/usr/share/code/resources/app/out/vs/workbench/api/node/extensionHostProcess.js:78:87057)
	at Tp.<anonymous> (/home/yuuki_okubo/.vscode/extensions/atlassian.atlascode-3.0.1/build/extension/extension.js:1:4039921)
	at Tp.dispose (/usr/share/code/resources/app/out/vs/workbench/api/node/extensionHostProcess.js:78:87101)
	at Tp.<anonymous> (/home/yuuki_okubo/.vscode/extensions/atlassian.atlascode-3.0.1/build/extension/extension.js:1:4039921)
	at Tp.dispose (/usr/share/code/resources/app/out/vs/workbench/api/node/extensionHostProcess.js:78:87101)
	at Tp.<anonymous> (/home/yuuki_okubo/.vscode/extensions/atlassian.atlascode-3.0.1/build/extension/extension.js:1:4039921)
	at Tp.dispose (/usr/share/code/resources/app/out/vs/workbench/api/node/extensionHostProcess.js:78:87101)
	at Tp.<anonymous> (/home/yuuki_okubo/.vscode/extensions/atlassian.atlascode-3.0.1/build/extension/extension.js:1:4039921)
	at Tp.dispose (/usr/share/code/resources/app/out/vs/workbench/api/node/extensionHostProcess.js:78:87101)
	at Tp.<anonymous> (/home/yuuki_okubo/.vscode/extensions/atlassian.atlascode-3.0.1/build/extension/extension.js:1:4039921)
	at Tp.dispose (/usr/share/code/resources/app/out/vs/workbench/api/node/extensionHostProcess.js:78:87101)
	at Tp.<anonymous> (/home/yuuki_okubo/.vscode/extensions/atlassian.atlascode-3.0.1/build/extension/extension.js:1:4039921)
	at Tp.dispose (/usr/share/code/resources/app/out/vs/workbench/api/node/extensionHostProcess.js:78:87101)
	at Tp.<anonymous> (/home/yuuki_okubo/.vscode/extensions/atlassian.atlascode-3.0.1/build/extension/extension.js:1:4039921)
	at Tp.dispose (/usr/share/code/resources/app/out/vs/workbench/api/node/extensionHostProcess.js:78:87101)
	at Tp.<anonymous> (/home/yuuki_okubo/.vscode/extensions/atlassian.atlascode-3.0.1/build/extension/extension.js:1:4039921)
	at Tp.dispose (/usr/share/code/resources/app/out/vs/workbench/api/node/extensionHostProcess.js:78:87101)
	at Tp.<anonymous> (/home/yuuki_okubo/.vscode/extensions/atlassian.atlascode-3.0.1/build/extension/extension.js:1:4039921)
	at Tp.dispose (/usr/share/code/resources/app/out/vs/workbench/api/node/extensionHostProcess.js:78:87101)
	at Tp.<anonymous> (/home/yuuki_okubo/.vscode/extensions/atlassian.atlascode-3.0.1/build/extension/extension.js:1:4039921)
	at Tp.dispose (/usr/share/code/resources/app/out/vs/workbench/api/node/extensionHostProcess.js:78:87101)
	at Tp.<anonymous> (/home/yuuki_okubo/.vscode/extensions/atlassian.atlascode-3.0.1/build/extension/extension.js:1:4039921)
	at Tp.dispose (/usr/share/code/resources/app/out/vs/workbench/api/node/extensionHostProcess.js:78:87101)
	at Tp.<anonymous> (/home/yuuki_okubo/.vscode/extensions/atlassian.atlascode-3.0.1/build/extension/extension.js:1:4039921)
	at Tp.dispose (/usr/share/code/resources/app/out/vs/workbench/api/node/extensionHostProcess.js:78:87101)
	at Tp.<anonymous> (/home/yuuki_okubo/.vscode/extensions/atlassian.atlascode-3.0.1/build/extension/extension.js:1:4039921)
	at Tp.dispose (/usr/share/code/resources/app/out/vs/workbench/api/node/extensionHostProcess.js:78:87101)
	at Tp.<anonymous> (/home/yuuki_okubo/.vscode/extensions/atlassian.atlascode-3.0.1/build/extension/extension.js:1:4039921)
	at Tp.dispose (/usr/share/code/resources/app/out/vs/workbench/api/node/extensionHostProcess.js:78:87101)
	at Tp.<anonymous> (/home/yuuki_okubo/.vscode/extensions/atlassian.atlascode-3.0.1/build/extension/extension.js:1:4039921)
	at Tp.dispose (/usr/share/code/resources/app/out/vs/workbench/api/node/extensionHostProcess.js:78:87101)
	at Tp.<anonymous> (/home/yuuki_okubo/.vscode/extensions/atlassian.atlascode-3.0.1/build/extension/extension.js:1:4039921)
	at Tp.dispose (/usr/share/code/resources/app/out/vs/workbench/api/node/extensionHostProcess.js:78:87101)
	at Tp.<anonymous> (/home/yuuki_okubo/.vscode/extensions/atlassian.atlascode-3.0.1/build/extension/extension.js:1:4039921)
	at Tp.dispose (/usr/share/code/resources/app/out/vs/workbench/api/node/extensionHostProcess.js:78:87101)
	at Tp.<anonymous> (/home/yuuki_okubo/.vscode/extensions/atlassian.atlascode-3.0.1/build/extension/extension.js:1:4039921)
	at Tp.dispose (/usr/share/code/resources/app/out/vs/workbench/api/node/extensionHostProcess.js:78:87101)
	at Tp.<anonymous> (/home/yuuki_okubo/.vscode/extensions/atlassian.atlascode-3.0.1/build/extension/extension.js:1:4039921)
	at Tp.dispose (/usr/share/code/resources/app/out/vs/workbench/api/node/extensionHostProcess.js:78:87101)
	at Tp.<anonymous> (/home/yuuki_okubo/.vscode/extensions/atlassian.atlascode-3.0.1/build/extension/extension.js:1:4039921)
	at Tp.dispose (/usr/share/code/resources/app/out/vs/workbench/api/node/extensionHostProcess.js:78:87101)
	at Tp.<anonymous> (/home/yuuki_okubo/.vscode/extensions/atlassian.atlascode-3.0.1/build/extension/extension.js:1:4039921)
	at Tp.dispose (/usr/share/code/resources/app/out/vs/workbench/api/node/extensionHostProcess.js:78:87101)
	at Tp.<anonymous> (/home/yuuki_okubo/.vscode/extensions/atlassian.atlascode-3.0.1/build/extension/extension.js:1:4039921)
	at Tp.dispose (/usr/share/code/resources/app/out/vs/workbench/api/node/extensionHostProcess.js:78:87101)
	at Tp.<anonymous> (/home/yuuki_okubo/.vscode/extensions/atlassian.atlascode-3.0.1/build/extension/extension.js:1:4039921)
	at Tp.dispose (/usr/share/code/resources/app/out/vs/workbench/api/node/extensionHostProcess.js:78:87101)
	at Tp.<anonymous> (/home/yuuki_okubo/.vscode/extensions/atlassian.atlascode-3.0.1/build/extension/extension.js:1:4039921)
	at Tp.dispose (/usr/share/code/resources/app/out/vs/workbench/api/node/extensionHostProcess.js:78:87101)
	at Tp.<anonymous> (/home/yuuki_okubo/.vscode/extensions/atlassian.atlascode-3.0.1/build/extension/extension.js:1:4039921)
	at Tp.dispose (/usr/share/code/resources/app/out/vs/workbench/api/node/extensionHostProcess.js:78:87101)
	at Tp.<anonymous> (/home/yuuki_okubo/.vscode/extensions/atlassian.atlascode-3.0.1/build/extension/extension.js:1:4039921)
	at Tp.dispose (/usr/share/code/resources/app/out/vs/workbench/api/node/extensionHostProcess.js:78:87101)
	at Tp.<anonymous> (/home/yuuki_okubo/.vscode/extensions/atlassian.atlascode-3.0.1/build/extension/extension.js:1:4039921)
	at Tp.dispose (/usr/share/code/resources/app/out/vs/workbench/api/node/extensionHostProcess.js:78:87101)
	at Tp.<anonymous> (/home/yuuki_okubo/.vscode/extensions/atlassian.atlascode-3.0.1/build/extension/extension.js:1:4039921)
	at Tp.dispose (/usr/share/code/resources/app/out/vs/workbench/api/node/extensionHostProcess.js:78:87101)
	at Tp.<anonymous> (/home/yuuki_okubo/.vscode/extensions/atlassian.atlascode-3.0.1/build/extension/extension.js:1:4039921)
	at Tp.dispose (/usr/share/code/resources/app/out/vs/workbench/api/node/extensionHostProcess.js:78:87101)
	at Tp.<anonymous> (/home/yuuki_okubo/.vscode/extensions/atlassian.atlascode-3.0.1/build/extension/extension.js:1:4039921)
	at Tp.dispose (/usr/share/code/resources/app/out/vs/workbench/api/node/extensionHostProcess.js:78:87101)
	at Tp.<anonymous> (/home/yuuki_okubo/.vscode/extensions/atlassian.atlascode-3.0.1/build/extension/extension.js:1:4039921)
	at Tp.dispose (/usr/share/code/resources/app/out/vs/workbench/api/node/extensionHostProcess.js:78:87101)
	at Tp.<anonymous> (/home/yuuki_okubo/.vscode/extensions/atlassian.atlascode-3.0.1/build/extension/extension.js:1:4039921)
	at Tp.dispose (/usr/share/code/resources/app/out/vs/workbench/api/node/extensionHostProcess.js:78:87101)
	at Tp.<anonymous> (/home/yuuki_okubo/.vscode/extensions/atlassian.atlascode-3.0.1/build/extension/extension.js:1:4039921)
	at Tp.dispose (/usr/share/code/resources/app/out/vs/workbench/api/node/extensionHostProcess.js:78:87101)
	at Tp.<anonymous> (/home/yuuki_okubo/.vscode/extensions/atlassian.atlascode-3.0.1/build/extension/extension.js:1:4039921)
	at Tp.dispose (/usr/share/code/resources/app/out/vs/workbench/api/node/extensionHostProcess.js:78:87101)
	at Tp.<anonymous> (/home/yuuki_okubo/.vscode/extensions/atlassian.atlascode-3.0.1/build/extension/extension.js:1:4039921)
	at Tp.dispose (/usr/share/code/resources/app/out/vs/workbench/api/node/extensionHostProcess.js:78:87101)
	at Tp.<anonymous> (/home/yuuki_okubo/.vscode/extensions/atlassian.atlascode-3.0.1/build/extension/extension.js:1:4039921)
	at Tp.dispose (/usr/share/code/resources/app/out/vs/workbench/api/node/extensionHostProcess.js:78:87101)
	at Tp.<anonymous> (/home/yuuki_okubo/.vscode/extensions/atlassian.atlascode-3.0.1/build/extension/extension.js:1:4039921)
	at Tp.dispose (/usr/share/code/resources/app/out/vs/workbench/api/node/extensionHostProcess.js:78:87101)
	at Tp.<anonymous> (/home/yuuki_okubo/.vscode/extensions/atlassian.atlascode-3.0.1/build/extension/extension.js:1:4039921)
	at Tp.dispose (/usr/share/code/resources/app/out/vs/workbench/api/node/extensionHostProcess.js:78:87101)
	at Tp.<anonymous> (/home/yuuki_okubo/.vscode/extensions/atlassian.atlascode-3.0.1/build/extension/extension.js:1:4039921)
	at Tp.dispose (/usr/share/code/resources/app/out/vs/workbench/api/node/extensionHostProcess.js:78:87101)
	at Tp.<anonymous> (/home/yuuki_okubo/.vscode/extensions/atlassian.atlascode-3.0.1/build/extension/extension.js:1:4039921)
	at Tp.dispose (/usr/share/code/resources/app/out/vs/workbench/api/node/extensionHostProcess.js:78:87101)
	at Tp.<anonymous> (/home/yuuki_okubo/.vscode/extensions/atlassian.atlascode-3.0.1/build/extension/extension.js:1:4039921)
	at Tp.dispose (/usr/share/code/resources/app/out/vs/workbench/api/node/extensionHostProcess.js:78:87101)
	at Tp.<anonymous> (/home/yuuki_okubo/.vscode/extensions/atlassian.atlascode-3.0.1/build/extension/extension.js:1:4039921)
	at Tp.dispose (/usr/share/code/resources/app/out/vs/workbench/api/node/extensionHostProcess.js:78:87101)
	at Tp.<anonymous> (/home/yuuki_okubo/.vscode/extensions/atlassian.atlascode-3.0.1/build/extension/extension.js:1:4039921)
	at Tp.dispose (/usr/share/code/resources/app/out/vs/workbench/api/node/extensionHostProcess.js:78:87101)
	at Tp.<anonymous> (/home/yuuki_okubo/.vscode/extensions/atlassian.atlascode-3.0.1/build/extension/extension.js:1:4039921)
	at Tp.dispose (/usr/share/code/resources/app/out/vs/workbench/api/node/extensionHostProcess.js:78:87101)
	at Tp.<anonymous> (/home/yuuki_okubo/.vscode/extensions/atlassian.atlascode-3.0.1/build/extension/extension.js:1:4039921)
	at Tp.dispose (/usr/share/code/resources/app/out/vs/workbench/api/node/extensionHostProcess.js:78:87101)
	at Tp.<anonymous> (/home/yuuki_okubo/.vscode/extensions/atlassian.atlascode-3.0.1/build/extension/extension.js:1:4039921)
	at Tp.dispose (/usr/share/code/resources/app/out/vs/workbench/api/node/extensionHostProcess.js:78:87101)
	at Tp.<anonymous> (/home/yuuki_okubo/.vscode/extensions/atlassian.atlascode-3.0.1/build/extension/extension.js:1:4039921)
	at Tp.dispose (/usr/share/code/resources/app/out/vs/workbench/api/node/extensionHostProcess.js:78:87101)
	at Tp.<anonymous> (/home/yuuki_okubo/.vscode/extensions/atlassian.atlascode-3.0.1/build/extension/extension.js:1:4039921)
	at Tp.dispose (/usr/share/code/resources/app/out/vs/workbench/api/node/extensionHostProcess.js:78:87101)
	at Tp.<anonymous> (/home/yuuki_okubo/.vscode/extensions/atlassian.atlascode-3.0.1/build/extension/extension.js:1:4039921)
	at Tp.dispose (/usr/share/code/resources/app/out/vs/workbench/api/node/extensionHostProcess.js:78:87101)
[2023-02-02 08:46:42.246] [exthost] [error] An error occurred when deactivating the subscriptions for extension 'bmewburn.vscode-intelephense-client':
[2023-02-02 08:46:42.247] [exthost] [error] TypeError: Cannot read private member from an object whose class did not declare it
	at Me (/usr/share/code/resources/app/out/vs/workbench/api/node/extensionHostProcess.js:97:7015)
	at Object.dispose (/usr/share/code/resources/app/out/vs/workbench/api/node/extensionHostProcess.js:78:87057)
	at E (/usr/share/code/resources/app/out/vs/workbench/api/node/extensionHostProcess.js:10:12344)
	at b._deactivate (/usr/share/code/resources/app/out/vs/workbench/api/node/extensionHostProcess.js:97:13484)
	at /usr/share/code/resources/app/out/vs/workbench/api/node/extensionHostProcess.js:97:10641
	at Array.map (<anonymous>)
	at b._deactivateAll (/usr/share/code/resources/app/out/vs/workbench/api/node/extensionHostProcess.js:97:10628)
	at b.terminate (/usr/share/code/resources/app/out/vs/workbench/api/node/extensionHostProcess.js:97:11012)
	at b.terminate (/usr/share/code/resources/app/out/vs/workbench/api/node/extensionHostProcess.js:101:620)
	at m (/usr/share/code/resources/app/out/vs/workbench/api/node/extensionHostProcess.js:111:19088)
	at /usr/share/code/resources/app/out/vs/workbench/api/node/extensionHostProcess.js:111:17016
	at b.invoke (/usr/share/code/resources/app/out/vs/workbench/api/node/extensionHostProcess.js:61:145)
	at p.deliver (/usr/share/code/resources/app/out/vs/workbench/api/node/extensionHostProcess.js:61:2266)
	at v.fire (/usr/share/code/resources/app/out/vs/workbench/api/node/extensionHostProcess.js:61:1844)
	at a.fire (/usr/share/code/resources/app/out/vs/workbench/api/node/extensionHostProcess.js:69:19042)
	at r._receiveMessage (/usr/share/code/resources/app/out/vs/workbench/api/node/extensionHostProcess.js:69:23854)
	at /usr/share/code/resources/app/out/vs/workbench/api/node/extensionHostProcess.js:69:21224
	at b.invoke (/usr/share/code/resources/app/out/vs/workbench/api/node/extensionHostProcess.js:61:145)
	at p.deliver (/usr/share/code/resources/app/out/vs/workbench/api/node/extensionHostProcess.js:61:2266)
	at v.fire (/usr/share/code/resources/app/out/vs/workbench/api/node/extensionHostProcess.js:61:1844)
	at v.acceptChunk (/usr/share/code/resources/app/out/vs/workbench/api/node/extensionHostProcess.js:69:15873)
	at /usr/share/code/resources/app/out/vs/workbench/api/node/extensionHostProcess.js:69:15003
	at Socket.d (/usr/share/code/resources/app/out/vs/workbench/api/node/extensionHostProcess.js:69:26763)
	at Socket.emit (node:events:526:28)
	at addChunk (node:internal/streams/readable:315:12)
	at readableAddChunk (node:internal/streams/readable:289:9)
	at Readable.push (node:internal/streams/readable:228:10)
	at Pipe.onStreamRead (node:internal/stream_base_commons:190:23)
[2023-02-02 08:46:42.278] [exthost] [info] Extension host with pid 16779 exiting with code 0
